This file contains any messages produced by compilers while
running configure, to aid debugging if configure makes a mistake.

It was created by chardet configure 1.0.1, which was
generated by GNU Autoconf 2.59.  Invocation command line was

  $ ./configure --enable-shared=no --enable-static=yes

## --------- ##
## Platform. ##
## --------- ##

hostname = xylosper-arch
uname -m = i686
uname -r = 2.6.33-ARCH
uname -s = Linux
uname -v = #1 SMP PREEMPT Thu May 13 12:06:25 CEST 2010

/usr/bin/uname -p = unknown
/bin/uname -X     = unknown

/bin/arch              = i686
/usr/bin/arch -k       = unknown
/usr/convex/getsysinfo = unknown
hostinfo               = unknown
/bin/machine           = unknown
/usr/bin/oslevel       = unknown
/bin/universe          = unknown

PATH: /usr/local/bin
PATH: /opt/ptexlive/bin
PATH: /usr/local/bin
PATH: /opt/ptexlive/bin
PATH: /bin
PATH: /usr/bin
PATH: /sbin
PATH: /usr/sbin
PATH: /opt/java/jre/bin
PATH: /opt/kde/bin
PATH: /usr/bin/perlbin/site
PATH: /usr/bin/perlbin/vendor
PATH: /usr/bin/perlbin/core
PATH: /opt/qt/bin


## ----------- ##
## Core tests. ##
## ----------- ##

configure:1572: checking for gcc
configure:1588: found /usr/bin/gcc
configure:1598: result: gcc
configure:1842: checking for C compiler version
configure:1845: gcc --version </dev/null >&5
gcc (GCC) 4.5.0 20100520 (prerelease)
Copyright (C) 2010 Free Software Foundation, Inc.
This is free software; see the source for copying conditions.  There is NO
warranty; not even for MERCHANTABILITY or FITNESS FOR A PARTICULAR PURPOSE.

configure:1848: $? = 0
configure:1850: gcc -v </dev/null >&5
Using built-in specs.
COLLECT_GCC=gcc
COLLECT_LTO_WRAPPER=/usr/lib/gcc/i686-pc-linux-gnu/4.5.0/lto-wrapper
Target: i686-pc-linux-gnu
Configured with: ../configure --prefix=/usr --enable-languages=c,c++,fortran,objc,obj-c++,ada --enable-shared --enable-threads=posix --enable-__cxa_atexit --enable-clocale=gnu --enable-gnu-unique-object --enable-lto --enable-plugin --disable-multilib --disable-libstdcxx-pch --with-system-zlib --with-ppl --with-cloog --libdir=/usr/lib --libexecdir=/usr/lib --mandir=/usr/share/man --infodir=/usr/share/info
Thread model: posix
gcc version 4.5.0 20100520 (prerelease) (GCC) 
configure:1853: $? = 0
configure:1855: gcc -V </dev/null >&5
gcc: '-V' option must have argument
configure:1858: $? = 1
configure:1881: checking for C compiler default output file name
configure:1884: gcc    conftest.c  >&5
configure:1887: $? = 0
configure:1933: result: a.out
configure:1938: checking whether the C compiler works
configure:1944: ./a.out
configure:1947: $? = 0
configure:1964: result: yes
configure:1971: checking whether we are cross compiling
configure:1973: result: no
configure:1976: checking for suffix of executables
configure:1978: gcc -o conftest    conftest.c  >&5
configure:1981: $? = 0
configure:2006: result: 
configure:2012: checking for suffix of object files
configure:2033: gcc -c   conftest.c >&5
configure:2036: $? = 0
configure:2058: result: o
configure:2062: checking whether we are using the GNU C compiler
configure:2086: gcc -c   conftest.c >&5
configure:2092: $? = 0
configure:2096: test -z 
			 || test ! -s conftest.err
configure:2099: $? = 0
configure:2102: test -s conftest.o
configure:2105: $? = 0
configure:2118: result: yes
configure:2124: checking whether gcc accepts -g
configure:2145: gcc -c -g  conftest.c >&5
configure:2151: $? = 0
configure:2155: test -z 
			 || test ! -s conftest.err
configure:2158: $? = 0
configure:2161: test -s conftest.o
configure:2164: $? = 0
configure:2175: result: yes
configure:2192: checking for gcc option to accept ANSI C
configure:2262: gcc  -c -g -O2  conftest.c >&5
configure:2268: $? = 0
configure:2272: test -z 
			 || test ! -s conftest.err
configure:2275: $? = 0
configure:2278: test -s conftest.o
configure:2281: $? = 0
configure:2299: result: none needed
configure:2317: gcc -c -g -O2  conftest.c >&5
conftest.c:2:9: error: expected '=', ',', ';', 'asm' or '__attribute__' before 'me'
configure:2323: $? = 1
configure: failed program was:
| #ifndef __cplusplus
|   choke me
| #endif
configure:2494: checking for a BSD-compatible install
configure:2549: result: /bin/install -c
configure:2560: checking whether ln -s works
configure:2564: result: yes
configure:2575: checking for gawk
configure:2591: found /bin/gawk
configure:2601: result: gawk
configure:2611: checking whether make sets $(MAKE)
configure:2631: result: yes
configure:2718: checking build system type
configure:2736: result: i686-pc-linux-gnu
configure:2744: checking host system type
configure:2758: result: i686-pc-linux-gnu
configure:2766: checking for a sed that does not truncate output
configure:2822: result: /bin/sed
configure:2825: checking for egrep
configure:2835: result: grep -E
configure:2851: checking for ld used by gcc
configure:2918: result: /usr/bin/ld
configure:2927: checking if the linker (/usr/bin/ld) is GNU ld
configure:2942: result: yes
configure:2947: checking for /usr/bin/ld option to reload object files
configure:2954: result: -r
configure:2972: checking for BSD-compatible nm
configure:3021: result: /usr/bin/nm -B
configure:3025: checking how to recognise dependent libraries
configure:3201: result: pass_all
configure:3438: checking how to run the C preprocessor
configure:3473: gcc -E  conftest.c
configure:3479: $? = 0
configure:3511: gcc -E  conftest.c
conftest.c:9:28: fatal error: ac_nonexistent.h: No such file or directory
compilation terminated.
configure:3517: $? = 1
configure: failed program was:
| /* confdefs.h.  */
| 
| #define PACKAGE_NAME "chardet"
| #define PACKAGE_TARNAME "chardet"
| #define PACKAGE_VERSION "1.0.1"
| #define PACKAGE_STRING "chardet 1.0.1"
| #define PACKAGE_BUGREPORT "http://oops.org"
| /* end confdefs.h.  */
| #include <ac_nonexistent.h>
configure:3556: result: gcc -E
configure:3580: gcc -E  conftest.c
configure:3586: $? = 0
configure:3618: gcc -E  conftest.c
conftest.c:9:28: fatal error: ac_nonexistent.h: No such file or directory
compilation terminated.
configure:3624: $? = 1
configure: failed program was:
| /* confdefs.h.  */
| 
| #define PACKAGE_NAME "chardet"
| #define PACKAGE_TARNAME "chardet"
| #define PACKAGE_VERSION "1.0.1"
| #define PACKAGE_STRING "chardet 1.0.1"
| #define PACKAGE_BUGREPORT "http://oops.org"
| /* end confdefs.h.  */
| #include <ac_nonexistent.h>
configure:3668: checking for ANSI C header files
configure:3693: gcc -c -g -O2  conftest.c >&5
configure:3699: $? = 0
configure:3703: test -z 
			 || test ! -s conftest.err
configure:3706: $? = 0
configure:3709: test -s conftest.o
configure:3712: $? = 0
configure:3801: gcc -o conftest -g -O2   conftest.c  >&5
conftest.c: In function 'main':
conftest.c:26:7: warning: incompatible implicit declaration of built-in function 'exit'
configure:3804: $? = 0
configure:3806: ./conftest
configure:3809: $? = 0
configure:3824: result: yes
configure:3848: checking for sys/types.h
configure:3864: gcc -c -g -O2  conftest.c >&5
configure:3870: $? = 0
configure:3874: test -z 
			 || test ! -s conftest.err
configure:3877: $? = 0
configure:3880: test -s conftest.o
configure:3883: $? = 0
configure:3894: result: yes
configure:3848: checking for sys/stat.h
configure:3864: gcc -c -g -O2  conftest.c >&5
configure:3870: $? = 0
configure:3874: test -z 
			 || test ! -s conftest.err
configure:3877: $? = 0
configure:3880: test -s conftest.o
configure:3883: $? = 0
configure:3894: result: yes
configure:3848: checking for stdlib.h
configure:3864: gcc -c -g -O2  conftest.c >&5
configure:3870: $? = 0
configure:3874: test -z 
			 || test ! -s conftest.err
configure:3877: $? = 0
configure:3880: test -s conftest.o
configure:3883: $? = 0
configure:3894: result: yes
configure:3848: checking for string.h
configure:3864: gcc -c -g -O2  conftest.c >&5
configure:3870: $? = 0
configure:3874: test -z 
			 || test ! -s conftest.err
configure:3877: $? = 0
configure:3880: test -s conftest.o
configure:3883: $? = 0
configure:3894: result: yes
configure:3848: checking for memory.h
configure:3864: gcc -c -g -O2  conftest.c >&5
configure:3870: $? = 0
configure:3874: test -z 
			 || test ! -s conftest.err
configure:3877: $? = 0
configure:3880: test -s conftest.o
configure:3883: $? = 0
configure:3894: result: yes
configure:3848: checking for strings.h
configure:3864: gcc -c -g -O2  conftest.c >&5
configure:3870: $? = 0
configure:3874: test -z 
			 || test ! -s conftest.err
configure:3877: $? = 0
configure:3880: test -s conftest.o
configure:3883: $? = 0
configure:3894: result: yes
configure:3848: checking for inttypes.h
configure:3864: gcc -c -g -O2  conftest.c >&5
configure:3870: $? = 0
configure:3874: test -z 
			 || test ! -s conftest.err
configure:3877: $? = 0
configure:3880: test -s conftest.o
configure:3883: $? = 0
configure:3894: result: yes
configure:3848: checking for stdint.h
configure:3864: gcc -c -g -O2  conftest.c >&5
configure:3870: $? = 0
configure:3874: test -z 
			 || test ! -s conftest.err
configure:3877: $? = 0
configure:3880: test -s conftest.o
configure:3883: $? = 0
configure:3894: result: yes
configure:3848: checking for unistd.h
configure:3864: gcc -c -g -O2  conftest.c >&5
configure:3870: $? = 0
configure:3874: test -z 
			 || test ! -s conftest.err
configure:3877: $? = 0
configure:3880: test -s conftest.o
configure:3883: $? = 0
configure:3894: result: yes
configure:3920: checking dlfcn.h usability
configure:3932: gcc -c -g -O2  conftest.c >&5
configure:3938: $? = 0
configure:3942: test -z 
			 || test ! -s conftest.err
configure:3945: $? = 0
configure:3948: test -s conftest.o
configure:3951: $? = 0
configure:3961: result: yes
configure:3965: checking dlfcn.h presence
configure:3975: gcc -E  conftest.c
configure:3981: $? = 0
configure:4001: result: yes
configure:4036: checking for dlfcn.h
configure:4043: result: yes
configure:4108: checking for g++
configure:4124: found /usr/bin/g++
configure:4134: result: g++
configure:4150: checking for C++ compiler version
configure:4153: g++ --version </dev/null >&5
g++ (GCC) 4.5.0 20100520 (prerelease)
Copyright (C) 2010 Free Software Foundation, Inc.
This is free software; see the source for copying conditions.  There is NO
warranty; not even for MERCHANTABILITY or FITNESS FOR A PARTICULAR PURPOSE.

configure:4156: $? = 0
configure:4158: g++ -v </dev/null >&5
Using built-in specs.
COLLECT_GCC=g++
COLLECT_LTO_WRAPPER=/usr/lib/gcc/i686-pc-linux-gnu/4.5.0/lto-wrapper
Target: i686-pc-linux-gnu
Configured with: ../configure --prefix=/usr --enable-languages=c,c++,fortran,objc,obj-c++,ada --enable-shared --enable-threads=posix --enable-__cxa_atexit --enable-clocale=gnu --enable-gnu-unique-object --enable-lto --enable-plugin --disable-multilib --disable-libstdcxx-pch --with-system-zlib --with-ppl --with-cloog --libdir=/usr/lib --libexecdir=/usr/lib --mandir=/usr/share/man --infodir=/usr/share/info
Thread model: posix
gcc version 4.5.0 20100520 (prerelease) (GCC) 
configure:4161: $? = 0
configure:4163: g++ -V </dev/null >&5
g++: '-V' option must have argument
configure:4166: $? = 1
configure:4169: checking whether we are using the GNU C++ compiler
configure:4193: g++ -c   conftest.cc >&5
configure:4199: $? = 0
configure:4203: test -z 
			 || test ! -s conftest.err
configure:4206: $? = 0
configure:4209: test -s conftest.o
configure:4212: $? = 0
configure:4225: result: yes
configure:4231: checking whether g++ accepts -g
configure:4252: g++ -c -g  conftest.cc >&5
configure:4258: $? = 0
configure:4262: test -z 
			 || test ! -s conftest.err
configure:4265: $? = 0
configure:4268: test -s conftest.o
configure:4271: $? = 0
configure:4282: result: yes
configure:4324: g++ -c -g -O2  conftest.cc >&5
configure:4330: $? = 0
configure:4334: test -z 
			 || test ! -s conftest.err
configure:4337: $? = 0
configure:4340: test -s conftest.o
configure:4343: $? = 0
configure:4369: g++ -c -g -O2  conftest.cc >&5
conftest.cc: In function 'int main()':
conftest.cc:24:9: error: 'exit' was not declared in this scope
configure:4375: $? = 1
configure: failed program was:
| /* confdefs.h.  */
| 
| #define PACKAGE_NAME "chardet"
| #define PACKAGE_TARNAME "chardet"
| #define PACKAGE_VERSION "1.0.1"
| #define PACKAGE_STRING "chardet 1.0.1"
| #define PACKAGE_BUGREPORT "http://oops.org"
| #define STDC_HEADERS 1
| #define HAVE_SYS_TYPES_H 1
| #define HAVE_SYS_STAT_H 1
| #define HAVE_STDLIB_H 1
| #define HAVE_STRING_H 1
| #define HAVE_MEMORY_H 1
| #define HAVE_STRINGS_H 1
| #define HAVE_INTTYPES_H 1
| #define HAVE_STDINT_H 1
| #define HAVE_UNISTD_H 1
| #define HAVE_DLFCN_H 1
| /* end confdefs.h.  */
| 
| int
| main ()
| {
| exit (42);
|   ;
|   return 0;
| }
configure:4324: g++ -c -g -O2  conftest.cc >&5
conftest.cc:20:40: error: 'void std::exit(int)' should have been declared inside 'std'
configure:4330: $? = 1
configure: failed program was:
| /* confdefs.h.  */
| 
| #define PACKAGE_NAME "chardet"
| #define PACKAGE_TARNAME "chardet"
| #define PACKAGE_VERSION "1.0.1"
| #define PACKAGE_STRING "chardet 1.0.1"
| #define PACKAGE_BUGREPORT "http://oops.org"
| #define STDC_HEADERS 1
| #define HAVE_SYS_TYPES_H 1
| #define HAVE_SYS_STAT_H 1
| #define HAVE_STDLIB_H 1
| #define HAVE_STRING_H 1
| #define HAVE_MEMORY_H 1
| #define HAVE_STRINGS_H 1
| #define HAVE_INTTYPES_H 1
| #define HAVE_STDINT_H 1
| #define HAVE_UNISTD_H 1
| #define HAVE_DLFCN_H 1
| /* end confdefs.h.  */
| extern "C" void std::exit (int) throw (); using std::exit;
| #include <stdlib.h>
| int
| main ()
| {
| exit (42);
|   ;
|   return 0;
| }
configure:4324: g++ -c -g -O2  conftest.cc >&5
conftest.cc:20:31: error: 'void std::exit(int)' should have been declared inside 'std'
In file included from conftest.cc:21:0:
/usr/include/stdlib.h:544:70: error: declaration of 'void std::exit(int) throw ()' throws different exceptions
conftest.cc:20:17: error: from previous declaration 'void std::exit(int)'
configure:4330: $? = 1
configure: failed program was:
| /* confdefs.h.  */
| 
| #define PACKAGE_NAME "chardet"
| #define PACKAGE_TARNAME "chardet"
| #define PACKAGE_VERSION "1.0.1"
| #define PACKAGE_STRING "chardet 1.0.1"
| #define PACKAGE_BUGREPORT "http://oops.org"
| #define STDC_HEADERS 1
| #define HAVE_SYS_TYPES_H 1
| #define HAVE_SYS_STAT_H 1
| #define HAVE_STDLIB_H 1
| #define HAVE_STRING_H 1
| #define HAVE_MEMORY_H 1
| #define HAVE_STRINGS_H 1
| #define HAVE_INTTYPES_H 1
| #define HAVE_STDINT_H 1
| #define HAVE_UNISTD_H 1
| #define HAVE_DLFCN_H 1
| /* end confdefs.h.  */
| extern "C" void std::exit (int); using std::exit;
| #include <stdlib.h>
| int
| main ()
| {
| exit (42);
|   ;
|   return 0;
| }
configure:4324: g++ -c -g -O2  conftest.cc >&5
configure:4330: $? = 0
configure:4334: test -z 
			 || test ! -s conftest.err
configure:4337: $? = 0
configure:4340: test -s conftest.o
configure:4343: $? = 0
configure:4369: g++ -c -g -O2  conftest.cc >&5
configure:4375: $? = 0
configure:4379: test -z 
			 || test ! -s conftest.err
configure:4382: $? = 0
configure:4385: test -s conftest.o
configure:4388: $? = 0
configure:4421: checking how to run the C++ preprocessor
configure:4452: g++ -E  conftest.cc
configure:4458: $? = 0
configure:4490: g++ -E  conftest.cc
conftest.cc:23:28: fatal error: ac_nonexistent.h: No such file or directory
compilation terminated.
configure:4496: $? = 1
configure: failed program was:
| /* confdefs.h.  */
| 
| #define PACKAGE_NAME "chardet"
| #define PACKAGE_TARNAME "chardet"
| #define PACKAGE_VERSION "1.0.1"
| #define PACKAGE_STRING "chardet 1.0.1"
| #define PACKAGE_BUGREPORT "http://oops.org"
| #define STDC_HEADERS 1
| #define HAVE_SYS_TYPES_H 1
| #define HAVE_SYS_STAT_H 1
| #define HAVE_STDLIB_H 1
| #define HAVE_STRING_H 1
| #define HAVE_MEMORY_H 1
| #define HAVE_STRINGS_H 1
| #define HAVE_INTTYPES_H 1
| #define HAVE_STDINT_H 1
| #define HAVE_UNISTD_H 1
| #define HAVE_DLFCN_H 1
| #ifdef __cplusplus
| extern "C" void exit (int) throw ();
| #endif
| /* end confdefs.h.  */
| #include <ac_nonexistent.h>
configure:4535: result: g++ -E
configure:4559: g++ -E  conftest.cc
configure:4565: $? = 0
configure:4597: g++ -E  conftest.cc
conftest.cc:23:28: fatal error: ac_nonexistent.h: No such file or directory
compilation terminated.
configure:4603: $? = 1
configure: failed program was:
| /* confdefs.h.  */
| 
| #define PACKAGE_NAME "chardet"
| #define PACKAGE_TARNAME "chardet"
| #define PACKAGE_VERSION "1.0.1"
| #define PACKAGE_STRING "chardet 1.0.1"
| #define PACKAGE_BUGREPORT "http://oops.org"
| #define STDC_HEADERS 1
| #define HAVE_SYS_TYPES_H 1
| #define HAVE_SYS_STAT_H 1
| #define HAVE_STDLIB_H 1
| #define HAVE_STRING_H 1
| #define HAVE_MEMORY_H 1
| #define HAVE_STRINGS_H 1
| #define HAVE_INTTYPES_H 1
| #define HAVE_STDINT_H 1
| #define HAVE_UNISTD_H 1
| #define HAVE_DLFCN_H 1
| #ifdef __cplusplus
| extern "C" void exit (int) throw ();
| #endif
| /* end confdefs.h.  */
| #include <ac_nonexistent.h>
configure:4700: checking for g77
configure:4729: result: no
configure:4700: checking for f77
configure:4729: result: no
configure:4700: checking for xlf
configure:4729: result: no
configure:4700: checking for frt
configure:4729: result: no
configure:4700: checking for pgf77
configure:4729: result: no
configure:4700: checking for fort77
configure:4729: result: no
configure:4700: checking for fl32
configure:4729: result: no
configure:4700: checking for af77
configure:4729: result: no
configure:4700: checking for f90
configure:4729: result: no
configure:4700: checking for xlf90
configure:4729: result: no
configure:4700: checking for pgf90
configure:4729: result: no
configure:4700: checking for epcf90
configure:4729: result: no
configure:4700: checking for f95
configure:4729: result: no
configure:4700: checking for fort
configure:4729: result: no
configure:4700: checking for xlf95
configure:4729: result: no
configure:4700: checking for ifc
configure:4729: result: no
configure:4700: checking for efc
configure:4729: result: no
configure:4700: checking for pgf95
configure:4729: result: no
configure:4700: checking for lf95
configure:4729: result: no
configure:4700: checking for gfortran
configure:4729: result: no
configure:4741: checking for Fortran 77 compiler version
configure:4744:  --version </dev/null >&5
./configure: line 4745: --version: command not found
configure:4747: $? = 127
configure:4749:  -v </dev/null >&5
./configure: line 4750: -v: command not found
configure:4752: $? = 127
configure:4754:  -V </dev/null >&5
./configure: line 4755: -V: command not found
configure:4757: $? = 127
configure:4765: checking whether we are using the GNU Fortran 77 compiler
configure:4779:  -c  conftest.F >&5
./configure: line 4780: -c: command not found
configure:4785: $? = 127
configure: failed program was:
|       program main
| #ifndef __GNUC__
|        choke me
| #endif
| 
|       end
configure:4811: result: no
configure:4817: checking whether  accepts -g
configure:4829:  -c -g conftest.f >&5
./configure: line 4830: -c: command not found
configure:4835: $? = 127
configure: failed program was:
|       program main
| 
|       end
configure:4860: result: no
configure:4890: checking the maximum length of command line arguments
configure:4999: result: 32768
configure:5010: checking command to parse /usr/bin/nm -B output from gcc object
configure:5115: gcc -c -g -O2  conftest.c >&5
configure:5118: $? = 0
configure:5122: /usr/bin/nm -B conftest.o \| sed -n -e 's/^.*[ 	]\([ABCDGIRSTW][ABCDGIRSTW]*\)[ 	][ 	]*\([_A-Za-z][_A-Za-z0-9]*\)$/\1 \2 \2/p' \> conftest.nm
configure:5125: $? = 0
configure:5177: gcc -o conftest -g -O2   conftest.c conftstm.o >&5
configure:5180: $? = 0
configure:5218: result: ok
configure:5222: checking for objdir
configure:5237: result: .libs
configure:5327: checking for ar
configure:5343: found /usr/bin/ar
configure:5354: result: ar
configure:5407: checking for ranlib
configure:5423: found /usr/bin/ranlib
configure:5434: result: ranlib
configure:5487: checking for strip
configure:5503: found /usr/bin/strip
configure:5514: result: strip
configure:5786: checking if gcc supports -fno-rtti -fno-exceptions
configure:5804: gcc -c -g -O2  -fno-rtti -fno-exceptions conftest.c >&5
cc1: warning: command line option "-fno-rtti" is valid for C++/ObjC++ but not for C
configure:5808: $? = 0
configure:5821: result: no
configure:5836: checking for gcc option to produce PIC
configure:6046: result: -fPIC
configure:6054: checking if gcc PIC flag -fPIC works
configure:6072: gcc -c -g -O2  -fPIC -DPIC conftest.c >&5
configure:6076: $? = 0
configure:6089: result: yes
configure:6117: checking if gcc static flag -static works
configure:6145: result: yes
configure:6155: checking if gcc supports -c -o file.o
configure:6176: gcc -c -g -O2  -o out/conftest2.o conftest.c >&5
configure:6180: $? = 0
configure:6202: result: yes
configure:6228: checking whether the gcc linker (/usr/bin/ld) supports shared libraries
configure:7186: result: yes
configure:7253: checking dynamic linker characteristics
configure:7862: result: GNU/Linux ld.so
configure:7871: checking how to hardcode library paths into programs
configure:7896: result: immediate
configure:7910: checking whether stripping libraries is possible
configure:7915: result: yes
configure:8749: checking if libtool supports shared libraries
configure:8751: result: yes
configure:8754: checking whether to build shared libraries
configure:8775: result: no
configure:8778: checking whether to build static libraries
configure:8782: result: yes
configure:8874: creating libtool
configure:9465: checking for ld used by g++
configure:9532: result: /usr/bin/ld
configure:9541: checking if the linker (/usr/bin/ld) is GNU ld
configure:9556: result: yes
configure:9607: checking whether the g++ linker (/usr/bin/ld) supports shared libraries
configure:10545: result: yes
configure:10563: g++ -c -g -O2  conftest.cpp >&5
configure:10566: $? = 0
configure:10685: checking for g++ option to produce PIC
configure:10959: result: -fPIC
configure:10967: checking if g++ PIC flag -fPIC works
configure:10985: g++ -c -g -O2  -fPIC -DPIC conftest.cpp >&5
configure:10989: $? = 0
configure:11002: result: yes
configure:11030: checking if g++ static flag -static works
configure:11058: result: yes
configure:11068: checking if g++ supports -c -o file.o
configure:11089: g++ -c -g -O2  -o out/conftest2.o conftest.cpp >&5
configure:11093: $? = 0
configure:11115: result: yes
configure:11141: checking whether the g++ linker (/usr/bin/ld) supports shared libraries
configure:11166: result: yes
configure:11233: checking dynamic linker characteristics
configure:11842: result: GNU/Linux ld.so
configure:11851: checking how to hardcode library paths into programs
configure:11876: result: immediate
configure:18083: checking for make
configure:18101: found /usr/bin/make
configure:18113: result: /usr/bin/make
configure:18128: checking for strip
configure:18146: found /usr/bin/strip
configure:18158: result: /usr/bin/strip
configure:18173: checking for rm
configure:18191: found /bin/rm
configure:18203: result: /bin/rm
configure:18218: checking for mkdir
configure:18236: found /bin/mkdir
configure:18248: result: /bin/mkdir
configure:18263: checking for perl
configure:18281: found /usr/bin/perl
configure:18293: result: /usr/bin/perl
configure:18307: checking for ANSI C header files
configure:18463: result: yes
configure:18479: checking for stdlib.h
configure:18484: result: yes
configure:18626: checking for an ANSI C-conforming const
configure:18693: gcc -c -g -O2  conftest.c >&5
configure:18699: $? = 0
configure:18703: test -z 
			 || test ! -s conftest.err
configure:18706: $? = 0
configure:18709: test -s conftest.o
configure:18712: $? = 0
configure:18723: result: yes
configure:18733: checking for size_t
configure:18757: gcc -c -g -O2  conftest.c >&5
configure:18763: $? = 0
configure:18767: test -z 
			 || test ! -s conftest.err
configure:18770: $? = 0
configure:18773: test -s conftest.o
configure:18776: $? = 0
configure:18787: result: yes
configure:18799: checking whether time.h and sys/time.h may both be included
configure:18824: gcc -c -g -O2  conftest.c >&5
configure:18830: $? = 0
configure:18834: test -z 
			 || test ! -s conftest.err
configure:18837: $? = 0
configure:18840: test -s conftest.o
configure:18843: $? = 0
configure:18854: result: yes
configure:18871: checking for stdlib.h
configure:18876: result: yes
configure:19016: checking for GNU libc compatible malloc
configure:19045: gcc -o conftest -g -O2   conftest.c  >&5
configure:19048: $? = 0
configure:19050: ./conftest
configure:19053: $? = 0
configure:19067: result: yes
configure:19097: checking whether lstat dereferences a symlink specified with a trailing slash
configure:19128: gcc -o conftest -g -O2   conftest.c  >&5
configure:19131: $? = 0
configure:19133: ./conftest
configure:19136: $? = 0
configure:19157: result: yes
configure:19178: checking whether stat accepts an empty string
configure:19203: gcc -o conftest -g -O2   conftest.c  >&5
configure:19206: $? = 0
configure:19208: ./conftest
configure:19211: $? = 1
configure: program exited with status 1
configure: failed program was:
| /* confdefs.h.  */
| 
| #define PACKAGE_NAME "chardet"
| #define PACKAGE_TARNAME "chardet"
| #define PACKAGE_VERSION "1.0.1"
| #define PACKAGE_STRING "chardet 1.0.1"
| #define PACKAGE_BUGREPORT "http://oops.org"
| #define STDC_HEADERS 1
| #define HAVE_SYS_TYPES_H 1
| #define HAVE_SYS_STAT_H 1
| #define HAVE_STDLIB_H 1
| #define HAVE_STRING_H 1
| #define HAVE_MEMORY_H 1
| #define HAVE_STRINGS_H 1
| #define HAVE_INTTYPES_H 1
| #define HAVE_STDINT_H 1
| #define HAVE_UNISTD_H 1
| #define HAVE_DLFCN_H 1
| #ifdef __cplusplus
| extern "C" void exit (int) throw ();
| #endif
| #define STDC_HEADERS 1
| #define HAVE_STDLIB_H 1
| #define TIME_WITH_SYS_TIME 1
| #define HAVE_STDLIB_H 1
| #define HAVE_MALLOC 1
| #define LSTAT_FOLLOWS_SLASHED_SYMLINK 1
| /* end confdefs.h.  */
| #include <stdio.h>
| #if HAVE_SYS_TYPES_H
| # include <sys/types.h>
| #endif
| #if HAVE_SYS_STAT_H
| # include <sys/stat.h>
| #endif
| #if STDC_HEADERS
| # include <stdlib.h>
| # include <stddef.h>
| #else
| # if HAVE_STDLIB_H
| #  include <stdlib.h>
| # endif
| #endif
| #if HAVE_STRING_H
| # if !STDC_HEADERS && HAVE_MEMORY_H
| #  include <memory.h>
| # endif
| # include <string.h>
| #endif
| #if HAVE_STRINGS_H
| # include <strings.h>
| #endif
| #if HAVE_INTTYPES_H
| # include <inttypes.h>
| #else
| # if HAVE_STDINT_H
| #  include <stdint.h>
| # endif
| #endif
| #if HAVE_UNISTD_H
| # include <unistd.h>
| #endif
| int
| main ()
| {
| struct stat sbuf;
|   exit (stat ("", &sbuf) ? 1 : 0);
|   ;
|   return 0;
| }
configure:19225: result: no
configure:19341: creating ./config.status

## ---------------------- ##
## Running config.status. ##
## ---------------------- ##

This file was extended by chardet config.status 1.0.1, which was
generated by GNU Autoconf 2.59.  Invocation command line was

  CONFIG_FILES    = 
  CONFIG_HEADERS  = 
  CONFIG_LINKS    = 
  CONFIG_COMMANDS = 
  $ ./config.status 

on xylosper-arch

config.status:686: creating Makefile
config.status:686: creating src/Makefile
config.status:790: creating chardet-config.h

## ---------------- ##
## Cache variables. ##
## ---------------- ##

ac_cv_build=i686-pc-linux-gnu
ac_cv_build_alias=i686-pc-linux-gnu
ac_cv_c_compiler_gnu=yes
ac_cv_c_const=yes
ac_cv_cxx_compiler_gnu=yes
ac_cv_env_CC_set=
ac_cv_env_CC_value=
ac_cv_env_CFLAGS_set=
ac_cv_env_CFLAGS_value=
ac_cv_env_CPPFLAGS_set=
ac_cv_env_CPPFLAGS_value=
ac_cv_env_CPP_set=
ac_cv_env_CPP_value=
ac_cv_env_CXXCPP_set=
ac_cv_env_CXXCPP_value=
ac_cv_env_CXXFLAGS_set=
ac_cv_env_CXXFLAGS_value=
ac_cv_env_CXX_set=
ac_cv_env_CXX_value=
ac_cv_env_F77_set=
ac_cv_env_F77_value=
ac_cv_env_FFLAGS_set=
ac_cv_env_FFLAGS_value=
ac_cv_env_LDFLAGS_set=
ac_cv_env_LDFLAGS_value=
ac_cv_env_build_alias_set=
ac_cv_env_build_alias_value=
ac_cv_env_host_alias_set=
ac_cv_env_host_alias_value=
ac_cv_env_target_alias_set=
ac_cv_env_target_alias_value=
ac_cv_exeext=
ac_cv_f77_compiler_gnu=no
ac_cv_func_lstat_dereferences_slashed_symlink=yes
ac_cv_func_malloc_0_nonnull=yes
ac_cv_func_stat_empty_string_bug=no
ac_cv_header_dlfcn_h=yes
ac_cv_header_inttypes_h=yes
ac_cv_header_memory_h=yes
ac_cv_header_stdc=yes
ac_cv_header_stdint_h=yes
ac_cv_header_stdlib_h=yes
ac_cv_header_string_h=yes
ac_cv_header_strings_h=yes
ac_cv_header_sys_stat_h=yes
ac_cv_header_sys_types_h=yes
ac_cv_header_time=yes
ac_cv_header_unistd_h=yes
ac_cv_host=i686-pc-linux-gnu
ac_cv_host_alias=i686-pc-linux-gnu
ac_cv_objext=o
ac_cv_path_MAKE=/usr/bin/make
ac_cv_path_MKDIR=/bin/mkdir
ac_cv_path_PERL=/usr/bin/perl
ac_cv_path_RM=/bin/rm
ac_cv_path_STRIP=/usr/bin/strip
ac_cv_path_install='/bin/install -c'
ac_cv_prog_AWK=gawk
ac_cv_prog_CPP='gcc -E'
ac_cv_prog_CXXCPP='g++ -E'
ac_cv_prog_ac_ct_AR=ar
ac_cv_prog_ac_ct_CC=gcc
ac_cv_prog_ac_ct_CXX=g++
ac_cv_prog_ac_ct_RANLIB=ranlib
ac_cv_prog_ac_ct_STRIP=strip
ac_cv_prog_cc_g=yes
ac_cv_prog_cc_stdc=
ac_cv_prog_cxx_g=yes
ac_cv_prog_egrep='grep -E'
ac_cv_prog_f77_g=no
ac_cv_prog_make_make_set=yes
ac_cv_type_size_t=yes
lt_cv_deplibs_check_method=pass_all
lt_cv_file_magic_cmd='$MAGIC_CMD'
lt_cv_file_magic_test_file=
lt_cv_ld_reload_flag=-r
lt_cv_objdir=.libs
lt_cv_path_LD=/usr/bin/ld
lt_cv_path_LDCXX=/usr/bin/ld
lt_cv_path_NM='/usr/bin/nm -B'
lt_cv_path_SED=/bin/sed
lt_cv_prog_compiler_c_o=yes
lt_cv_prog_compiler_c_o_CXX=yes
lt_cv_prog_compiler_rtti_exceptions=no
lt_cv_prog_gnu_ld=yes
lt_cv_prog_gnu_ldcxx=yes
lt_cv_sys_global_symbol_pipe='sed -n -e '\''s/^.*[ 	]\([ABCDGIRSTW][ABCDGIRSTW]*\)[ 	][ 	]*\([_A-Za-z][_A-Za-z0-9]*\)$/\1 \2 \2/p'\'''
lt_cv_sys_global_symbol_to_c_name_address='sed -n -e '\''s/^: \([^ ]*\) $/  {\"\1\", (lt_ptr) 0},/p'\'' -e '\''s/^[BCDEGRST] \([^ ]*\) \([^ ]*\)$/  {"\2", (lt_ptr) \&\2},/p'\'''
lt_cv_sys_global_symbol_to_cdecl='sed -n -e '\''s/^. .* \(.*\)$/extern int \1;/p'\'''
lt_cv_sys_max_cmd_len=32768
lt_lt_cv_prog_compiler_c_o='"yes"'
lt_lt_cv_prog_compiler_c_o_CXX='"yes"'
lt_lt_cv_sys_global_symbol_pipe='"sed -n -e '\''s/^.*[ 	]\\([ABCDGIRSTW][ABCDGIRSTW]*\\)[ 	][ 	]*\\([_A-Za-z][_A-Za-z0-9]*\\)\$/\\1 \\2 \\2/p'\''"'
lt_lt_cv_sys_global_symbol_to_c_name_address='"sed -n -e '\''s/^: \\([^ ]*\\) \$/  {\\\"\\1\\\", (lt_ptr) 0},/p'\'' -e '\''s/^[BCDEGRST] \\([^ ]*\\) \\([^ ]*\\)\$/  {\"\\2\", (lt_ptr) \\&\\2},/p'\''"'
lt_lt_cv_sys_global_symbol_to_cdecl='"sed -n -e '\''s/^. .* \\(.*\\)\$/extern int \\1;/p'\''"'

## ----------------- ##
## Output variables. ##
## ----------------- ##

AR='ar'
AWK='gawk'
CC='gcc'
CFLAGS='-g -O2'
CPP='gcc -E'
CPPFLAGS=''
CXX='g++'
CXXCPP='g++ -E'
CXXFLAGS='-g -O2'
DEFS='-DHAVE_CONFIG_H'
ECHO='echo'
ECHO_C=''
ECHO_N='-n'
ECHO_T=''
EGREP='grep -E'
EXEEXT=''
F77=''
FFLAGS=''
INSTALL_DATA='${INSTALL} -m 644'
INSTALL_PROGRAM='${INSTALL}'
INSTALL_SCRIPT='${INSTALL}'
LDFLAGS=''
LIBOBJS=''
LIBS=''
LIBTOOL='$(SHELL) $(top_builddir)/libtool'
LN_S='ln -s'
LTLIBOBJS=''
MAKE='/usr/bin/make'
MKDIR='/bin/mkdir'
OBJEXT='o'
PACKAGE_BUGREPORT='http://oops.org'
PACKAGE_NAME='chardet'
PACKAGE_STRING='chardet 1.0.1'
PACKAGE_TARNAME='chardet'
PACKAGE_VERSION='1.0.1'
PATH_SEPARATOR=':'
PERL='/usr/bin/perl'
RANLIB='ranlib'
RM='/bin/rm'
SED='/bin/sed'
SET_MAKE=''
SHELL='/bin/sh'
SONAME_INFO='1:0:0'
SONAME_MAJOR='1'
SONAME_MINOR='0'
SONAME_REVISION='0'
SONAME_VERSION='1.0.0'
STRIP='/usr/bin/strip'
ac_ct_AR='ar'
ac_ct_CC='gcc'
ac_ct_CXX='g++'
ac_ct_F77=''
ac_ct_RANLIB='ranlib'
ac_ct_STRIP='strip'
bindir='${exec_prefix}/bin'
build='i686-pc-linux-gnu'
build_alias=''
build_cpu='i686'
build_os='linux-gnu'
build_vendor='pc'
datadir='${prefix}/share'
exec_prefix='${prefix}'
host='i686-pc-linux-gnu'
host_alias=''
host_cpu='i686'
host_os='linux-gnu'
host_vendor='pc'
includedir='${prefix}/include'
infodir='${prefix}/info'
libdir='${exec_prefix}/lib'
libexecdir='${exec_prefix}/libexec'
localstatedir='${prefix}/var'
mandir='${prefix}/man'
oldincludedir='/usr/include'
prefix='/usr/local'
program_transform_name='s,x,x,'
sbindir='${exec_prefix}/sbin'
sharedstatedir='${prefix}/com'
sysconfdir='${prefix}/etc'
target_alias=''

## ----------- ##
## confdefs.h. ##
## ----------- ##

#define HAVE_DLFCN_H 1
#define HAVE_INTTYPES_H 1
#define HAVE_MALLOC 1
#define HAVE_MEMORY_H 1
#define HAVE_STDINT_H 1
#define HAVE_STDLIB_H 1
#define HAVE_STDLIB_H 1
#define HAVE_STDLIB_H 1
#define HAVE_STRINGS_H 1
#define HAVE_STRING_H 1
#define HAVE_SYS_STAT_H 1
#define HAVE_SYS_TYPES_H 1
#define HAVE_UNISTD_H 1
#define LSTAT_FOLLOWS_SLASHED_SYMLINK 1
#define PACKAGE_BUGREPORT "http://oops.org"
#define PACKAGE_NAME "chardet"
#define PACKAGE_STRING "chardet 1.0.1"
#define PACKAGE_TARNAME "chardet"
#define PACKAGE_VERSION "1.0.1"
#define STDC_HEADERS 1
#define STDC_HEADERS 1
#define TIME_WITH_SYS_TIME 1
#endif
#ifdef __cplusplus
extern "C" void exit (int) throw ();

configure: exit 0
